[debug] [2018-01-28T01:06:07.980Z] ----------------------------------------------------------------------
[debug] [2018-01-28T01:06:07.985Z] Command:       C:\Program Files\nodejs\node.exe C:\Users\User\AppData\Roaming\npm\node_modules\firebase-tools\bin\firebase deploy --debug
[debug] [2018-01-28T01:06:07.986Z] CLI Version:   3.17.4
[debug] [2018-01-28T01:06:07.986Z] Platform:      win32
[debug] [2018-01-28T01:06:07.987Z] Node Version:  v6.11.4
[debug] [2018-01-28T01:06:07.988Z] Time:          Sun Jan 28 2018 04:06:07 GMT+0300 (Багдадское время (зима))
[debug] [2018-01-28T01:06:07.988Z] ----------------------------------------------------------------------
[debug] 
[debug] [2018-01-28T01:06:08.004Z] > command requires scopes: ["email","openid","https://www.googleapis.com/auth/cloudplatformprojects.readonly","https://www.googleapis.com/auth/firebase","https://www.googleapis.com/auth/cloud-platform"]
[debug] [2018-01-28T01:06:08.005Z] > authorizing via signed-in user
[debug] [2018-01-28T01:06:08.007Z] > refreshing access token with scopes: ["email","https://www.googleapis.com/auth/cloud-platform","https://www.googleapis.com/auth/cloudplatformprojects.readonly","https://www.googleapis.com/auth/firebase","openid"]
[debug] [2018-01-28T01:06:08.008Z] >>> HTTP REQUEST POST https://www.googleapis.com/oauth2/v3/token  
 { refresh_token: '1/r6y85lpyjgghGqGiLFca9a3MIW9JGF0Q17CdoNFQSeM',
  client_id: '563584335869-fgrhgmd47bqnekij5i8b5pr03ho849e6.apps.googleusercontent.com',
  client_secret: 'j9iVZfS8kkCEFUPaAeJV0sAi',
  grant_type: 'refresh_token',
  scope: 'email https://www.googleapis.com/auth/cloud-platform https://www.googleapis.com/auth/cloudplatformprojects.readonly https://www.googleapis.com/auth/firebase openid' } 
 Sun Jan 28 2018 04:06:08 GMT+0300 (Багдадское время (зима))
[debug] [2018-01-28T01:06:08.191Z] <<< HTTP RESPONSE 200
[debug] [2018-01-28T01:06:08.209Z] >>> HTTP REQUEST GET https://admin.firebase.com/v1/projects/ng-example-app  
  
 Sun Jan 28 2018 04:06:08 GMT+0300 (Багдадское время (зима))
[debug] [2018-01-28T01:06:09.992Z] <<< HTTP RESPONSE 200
[debug] [2018-01-28T01:06:09.994Z] >>> HTTP REQUEST GET https://admin.firebase.com/v1/database/ng-example-app/tokens  
  
 Sun Jan 28 2018 04:06:09 GMT+0300 (Багдадское время (зима))
[debug] [2018-01-28T01:06:10.679Z] <<< HTTP RESPONSE 200
[info] 
[info] === Deploying to 'ng-example-app'...
[info] 
[info] i  deploying hosting
[error] 
[error] Error: Specified public directory does not exist, can't deploy hosting
[debug] [2018-01-28T01:09:13.882Z] ----------------------------------------------------------------------
[debug] [2018-01-28T01:09:13.887Z] Command:       C:\Program Files\nodejs\node.exe C:\Users\User\AppData\Roaming\npm\node_modules\firebase-tools\bin\firebase deploy --debug
[debug] [2018-01-28T01:09:13.888Z] CLI Version:   3.17.4
[debug] [2018-01-28T01:09:13.889Z] Platform:      win32
[debug] [2018-01-28T01:09:13.889Z] Node Version:  v6.11.4
[debug] [2018-01-28T01:09:13.889Z] Time:          Sun Jan 28 2018 04:09:13 GMT+0300 (Багдадское время (зима))
[debug] [2018-01-28T01:09:13.890Z] ----------------------------------------------------------------------
[debug] 
[debug] [2018-01-28T01:09:13.907Z] > command requires scopes: ["email","openid","https://www.googleapis.com/auth/cloudplatformprojects.readonly","https://www.googleapis.com/auth/firebase","https://www.googleapis.com/auth/cloud-platform"]
[debug] [2018-01-28T01:09:13.908Z] > authorizing via signed-in user
[debug] [2018-01-28T01:09:13.910Z] >>> HTTP REQUEST GET https://admin.firebase.com/v1/projects/ng-example-app  
  
 Sun Jan 28 2018 04:09:13 GMT+0300 (Багдадское время (зима))
[debug] [2018-01-28T01:09:14.673Z] <<< HTTP RESPONSE 200
[debug] [2018-01-28T01:09:14.676Z] >>> HTTP REQUEST GET https://admin.firebase.com/v1/database/ng-example-app/tokens  
  
 Sun Jan 28 2018 04:09:14 GMT+0300 (Багдадское время (зима))
[debug] [2018-01-28T01:09:15.331Z] <<< HTTP RESPONSE 200
[info] 
[info] === Deploying to 'ng-example-app'...
[info] 
[info] i  deploying hosting
[info] i  hosting: preparing dist directory for upload...
[debug] [2018-01-28T01:09:16.264Z] >>> HTTP REQUEST PUT https://deploy.firebase.com/v1/hosting/ng-example-app/uploads/-L3uJ7i6dtA5zSY5p9yF?fileCount=18&message=  
  
 Sun Jan 28 2018 04:09:16 GMT+0300 (Багдадское время (зима))
[debug] [2018-01-28T01:09:18.862Z] <<< HTTP RESPONSE 200
[debug] [2018-01-28T01:09:18.864Z] [hosting] .tgz uploaded successfully, waiting for extraction
[info] +  hosting: 18 files uploaded successfully
[debug] [2018-01-28T01:09:19.856Z] >>> HTTP REQUEST POST https://deploy.firebase.com/v1/projects/ng-example-app/releases  
 { hosting: 
   { public: 'dist',
     rewrites: [ [Object] ],
     version: '-L3uJ7i6dtA5zSY5p9yF',
     prefix: '-L3uJ7i6dtA5zSY5p9yF/',
     manifest: [] } } 
 Sun Jan 28 2018 04:09:19 GMT+0300 (Багдадское время (зима))
[debug] [2018-01-28T01:09:20.877Z] <<< HTTP RESPONSE 200
